/var/spool/slurm/d/job04469/slurm_script: 9: /var/spool/slurm/d/job04469/slurm_script: source: not found

CommandNotFoundError: Your shell has not been properly configured to use 'conda activate'.
To initialize your shell, run

    $ conda init <SHELL_NAME>

Currently supported shells are:
  - bash
  - fish
  - tcsh
  - xonsh
  - zsh
  - powershell

See 'conda init --help' for more information and options.

IMPORTANT: You may need to close and restart your shell after running 'conda init'.


this is good

Start data preprocessing with multiprocessing.
Number of data set: 6
TriviaQA.jsonl.gz
Starting new HTTPS connection (1): s3.amazonaws.com:443
NaturalQuestions.jsonl.gz
Starting new HTTPS connection (1): s3.amazonaws.com:443
NewsQA.jsonl.gz
Starting new HTTPS connection (1): s3.amazonaws.com:443
https://s3.amazonaws.com:443 "HEAD /models.huggingface.co/bert/bert-base-uncased-vocab.txt HTTP/1.1" 200 0
https://s3.amazonaws.com:443 "HEAD /models.huggingface.co/bert/bert-base-uncased-vocab.txt HTTP/1.1" 200 0
https://s3.amazonaws.com:443 "HEAD /models.huggingface.co/bert/bert-base-uncased-vocab.txt HTTP/1.1" 200 0
loading vocabulary file https://s3.amazonaws.com/models.huggingface.co/bert/bert-base-uncased-vocab.txt from cache at /home/zhanj289/.pytorch_pretrained_bert/26bc1ad6c0ac742e9b52263248f6d0f00068293b33709fae12320c0e35ccfbbb.542ce4285a40d23a559526243235df47c5f75c197f04f37d1a0c124c32c9a084
loading vocabulary file https://s3.amazonaws.com/models.huggingface.co/bert/bert-base-uncased-vocab.txt from cache at /home/zhanj289/.pytorch_pretrained_bert/26bc1ad6c0ac742e9b52263248f6d0f00068293b33709fae12320c0e35ccfbbb.542ce4285a40d23a559526243235df47c5f75c197f04f37d1a0c124c32c9a084
loading vocabulary file https://s3.amazonaws.com/models.huggingface.co/bert/bert-base-uncased-vocab.txt from cache at /home/zhanj289/.pytorch_pretrained_bert/26bc1ad6c0ac742e9b52263248f6d0f00068293b33709fae12320c0e35ccfbbb.542ce4285a40d23a559526243235df47c5f75c197f04f37d1a0c124c32c9a084
HotpotQA.jsonl.gz
Starting new HTTPS connection (1): s3.amazonaws.com:443
SQuAD.jsonl.gz
Starting new HTTPS connection (1): s3.amazonaws.com:443
SearchQA.jsonl.gz
Starting new HTTPS connection (1): s3.amazonaws.com:443
https://s3.amazonaws.com:443 "HEAD /models.huggingface.co/bert/bert-base-uncased-vocab.txt HTTP/1.1" 200 0
loading vocabulary file https://s3.amazonaws.com/models.huggingface.co/bert/bert-base-uncased-vocab.txt from cache at /home/zhanj289/.pytorch_pretrained_bert/26bc1ad6c0ac742e9b52263248f6d0f00068293b33709fae12320c0e35ccfbbb.542ce4285a40d23a559526243235df47c5f75c197f04f37d1a0c124c32c9a084
https://s3.amazonaws.com:443 "HEAD /models.huggingface.co/bert/bert-base-uncased-vocab.txt HTTP/1.1" 200 0
loading vocabulary file https://s3.amazonaws.com/models.huggingface.co/bert/bert-base-uncased-vocab.txt from cache at /home/zhanj289/.pytorch_pretrained_bert/26bc1ad6c0ac742e9b52263248f6d0f00068293b33709fae12320c0e35ccfbbb.542ce4285a40d23a559526243235df47c5f75c197f04f37d1a0c124c32c9a084
https://s3.amazonaws.com:443 "HEAD /models.huggingface.co/bert/bert-base-uncased-vocab.txt HTTP/1.1" 200 0
loading vocabulary file https://s3.amazonaws.com/models.huggingface.co/bert/bert-base-uncased-vocab.txt from cache at /home/zhanj289/.pytorch_pretrained_bert/26bc1ad6c0ac742e9b52263248f6d0f00068293b33709fae12320c0e35ccfbbb.542ce4285a40d23a559526243235df47c5f75c197f04f37d1a0c124c32c9a084
running adv training...
Set random seed as 2019
Starting new HTTPS connection (1): s3.amazonaws.com:443
https://s3.amazonaws.com:443 "HEAD /models.huggingface.co/bert/bert-base-uncased-vocab.txt HTTP/1.1" 200 0
loading vocabulary file https://s3.amazonaws.com/models.huggingface.co/bert/bert-base-uncased-vocab.txt from cache at /home/zhanj289/.pytorch_pretrained_bert/26bc1ad6c0ac742e9b52263248f6d0f00068293b33709fae12320c0e35ccfbbb.542ce4285a40d23a559526243235df47c5f75c197f04f37d1a0c124c32c9a084
Number of data set:6
Loading NaturalQuestions file as pkl...
Loading NewsQA file as pkl...
Loading TriviaQA file as pkl...
Loading SearchQA file as pkl...
Loading SQuAD file as pkl...
Loading HotpotQA file as pkl...
Starting new HTTPS connection (1): s3.amazonaws.com:443
https://s3.amazonaws.com:443 "HEAD /models.huggingface.co/bert/bert-base-uncased.tar.gz HTTP/1.1" 200 0
loading archive file https://s3.amazonaws.com/models.huggingface.co/bert/bert-base-uncased.tar.gz from cache at /home/zhanj289/.pytorch_pretrained_bert/9c41111e2de84547a463fd39217199738d1e3deb72d4fec4399e6e241983c6f0.ae3cef932725ca7a30cdcb93fc6e09150a55e2a130ec7af63975a16c153ae2ba
extracting archive file /home/zhanj289/.pytorch_pretrained_bert/9c41111e2de84547a463fd39217199738d1e3deb72d4fec4399e6e241983c6f0.ae3cef932725ca7a30cdcb93fc6e09150a55e2a130ec7af63975a16c153ae2ba to temp dir /tmp/tmp13478cqe
Model config {
  "attention_probs_dropout_prob": 0.1,
  "hidden_act": "gelu",
  "hidden_dropout_prob": 0.1,
  "hidden_size": 768,
  "initializer_range": 0.02,
  "intermediate_size": 3072,
  "max_position_embeddings": 512,
  "num_attention_heads": 12,
  "num_hidden_layers": 12,
  "type_vocab_size": 2,
  "vocab_size": 30522
}

['DuoRC.jsonl.gz', 'RelationExtraction.jsonl.gz', 'TextbookQA.jsonl.gz', 'DROP.jsonl.gz', 'BioASQ.jsonl.gz', 'RACE.jsonl.gz']
Set random seed as 2019
/home/zhanj289/cs224n_robust_qa/mrqa-master/trainer.py:331: UserWarning: You have chosen to seed training. This will turn on the CUDNN deterministic setting, which can slow down your training considerably! You may see unexpected behavior when restarting from checkpoints.
  warnings.warn('You have chosen to seed training. '
slurmstepd: error: *** JOB 4469 ON spcd-usw2-01700 CANCELLED AT 2021-03-01T22:37:45 ***
